<?xml version="1.0" encoding="UTF-8"?>
<!-- Generated by org.testng.reporters.JUnitReportReporter -->
<testsuite skipped="0" hostname="user" name="com.selenium.qa.test.OxygenWikiPageTest" tests="1" failures="0" timestamp="14 Sep 2019 15:26:12 GMT" time="1.435" errors="0">
  <testcase name="TakeElementSSTest" time="1.435" classname="com.selenium.qa.test.OxygenWikiPageTest"/>
</testsuite> <!-- com.selenium.qa.test.OxygenWikiPageTest -->
