<?xml version="1.0" encoding="UTF-8"?>
<!-- Generated by org.testng.reporters.JUnitReportReporter -->
<testsuite skipped="0" hostname="user" name="com.selenium.qa.test.SeleniumWikiPageTest" tests="2" failures="0" timestamp="14 Sep 2019 15:26:12 GMT" time="2.801" errors="0">
  <testcase name="navigaeToOxygenPageTest" time="2.796" classname="com.selenium.qa.test.SeleniumWikiPageTest"/>
  <testcase name="verifyExternalLinksTest" time="0.005" classname="com.selenium.qa.test.SeleniumWikiPageTest"/>
</testsuite> <!-- com.selenium.qa.test.SeleniumWikiPageTest -->
